This is pdfTeX, Version 3.141592653-2.6-1.40.24 (MiKTeX 22.1) (preloaded format=pdflatex 2025.3.11)  10 AUG 2025 23:53
entering extended mode
 restricted \write18 enabled.
 %&-line parsing enabled.
**./documentacion_diegocon.tex
(documentacion_diegocon.tex
LaTeX2e <2024-11-01> patch level 2
L3 programming layer <2025-01-18>

(/Users/diegovegav/Library/Application Support/MiKTeX/texmfs/install/tex/latex/
base/article.cls
Document Class: article 2024/06/29 v1.4n Standard LaTeX document class

(/Users/diegovegav/Library/Application Support/MiKTeX/texmfs/install/tex/latex/
base/size10.clo
File: size10.clo 2024/06/29 v1.4n Standard LaTeX file (size option)
)
\c@part=\count196
\c@section=\count197
\c@subsection=\count198
\c@subsubsection=\count199
\c@paragraph=\count266
\c@subparagraph=\count267
\c@figure=\count268
\c@table=\count269
\abovecaptionskip=\skip49
\belowcaptionskip=\skip50
\bibindent=\dimen141
)
(/Users/diegovegav/Library/Application Support/MiKTeX/texmfs/install/tex/latex/
base/inputenc.sty
Package: inputenc 2024/02/08 v1.3d Input encoding file
\inpenc@prehook=\toks17
\inpenc@posthook=\toks18
)
(/Users/diegovegav/Library/Application Support/MiKTeX/texmfs/install/tex/latex/
hyperref/hyperref.sty
Package: hyperref 2024-11-05 v7.01l Hypertext links for LaTeX

(/Users/diegovegav/Library/Application Support/MiKTeX/texmfs/install/tex/generi
c/iftex/iftex.sty
Package: iftex 2024/12/12 v1.0g TeX engine tests
)
(/Users/diegovegav/Library/Application Support/MiKTeX/texmfs/install/tex/latex/
graphics/keyval.sty
Package: keyval 2022/05/29 v1.15 key=value parser (DPC)
\KV@toks@=\toks19
)
(/Users/diegovegav/Library/Application Support/MiKTeX/texmfs/install/tex/latex/
kvsetkeys/kvsetkeys.sty
Package: kvsetkeys 2022-10-05 v1.19 Key value parser (HO)
)
(/Users/diegovegav/Library/Application Support/MiKTeX/texmfs/install/tex/generi
c/kvdefinekeys/kvdefinekeys.sty
Package: kvdefinekeys 2019-12-19 v1.6 Define keys (HO)
)
(/Users/diegovegav/Library/Application Support/MiKTeX/texmfs/install/tex/generi
c/pdfescape/pdfescape.sty
Package: pdfescape 2019/12/09 v1.15 Implements pdfTeX's escape features (HO)

(/Users/diegovegav/Library/Application Support/MiKTeX/texmfs/install/tex/generi
c/ltxcmds/ltxcmds.sty
Package: ltxcmds 2023-12-04 v1.26 LaTeX kernel commands for general use (HO)
)
(/Users/diegovegav/Library/Application Support/MiKTeX/texmfs/install/tex/generi
c/pdftexcmds/pdftexcmds.sty
Package: pdftexcmds 2020-06-27 v0.33 Utility functions of pdfTeX for LuaTeX (HO
)

(/Users/diegovegav/Library/Application Support/MiKTeX/texmfs/install/tex/generi
c/infwarerr/infwarerr.sty
Package: infwarerr 2019/12/03 v1.5 Providing info/warning/error messages (HO)
)
Package pdftexcmds Info: \pdf@primitive is available.
Package pdftexcmds Info: \pdf@ifprimitive is available.
Package pdftexcmds Info: \pdfdraftmode found.
))
(/Users/diegovegav/Library/Application Support/MiKTeX/texmfs/install/tex/latex/
hycolor/hycolor.sty
Package: hycolor 2020-01-27 v1.10 Color options for hyperref/bookmark (HO)
)
(/Users/diegovegav/Library/Application Support/MiKTeX/texmfs/install/tex/latex/
hyperref/nameref.sty
Package: nameref 2023-11-26 v2.56 Cross-referencing by name of section

(/Users/diegovegav/Library/Application Support/MiKTeX/texmfs/install/tex/latex/
refcount/refcount.sty
Package: refcount 2019/12/15 v3.6 Data extraction from label references (HO)
)
(/Users/diegovegav/Library/Application Support/MiKTeX/texmfs/install/tex/generi
c/gettitlestring/gettitlestring.sty
Package: gettitlestring 2019/12/15 v1.6 Cleanup title references (HO)

(/Users/diegovegav/Library/Application Support/MiKTeX/texmfs/install/tex/latex/
kvoptions/kvoptions.sty
Package: kvoptions 2022-06-15 v3.15 Key value format for package options (HO)
))
\c@section@level=\count270
)
(/Users/diegovegav/Library/Application Support/MiKTeX/texmfs/install/tex/latex/
etoolbox/etoolbox.sty
Package: etoolbox 2025/02/11 v2.5l e-TeX tools for LaTeX (JAW)
\etb@tempcnta=\count271
)
(/Users/diegovegav/Library/Application Support/MiKTeX/texmfs/install/tex/generi
c/stringenc/stringenc.sty
Package: stringenc 2019/11/29 v1.12 Convert strings between diff. encodings (HO
)
)
\@linkdim=\dimen142
\Hy@linkcounter=\count272
\Hy@pagecounter=\count273

(/Users/diegovegav/Library/Application Support/MiKTeX/texmfs/install/tex/latex/
hyperref/pd1enc.def
File: pd1enc.def 2024-11-05 v7.01l Hyperref: PDFDocEncoding definition (HO)
Now handling font encoding PD1 ...
... no UTF-8 mapping file for font encoding PD1
)
(/Users/diegovegav/Library/Application Support/MiKTeX/texmfs/install/tex/generi
c/intcalc/intcalc.sty
Package: intcalc 2019/12/15 v1.3 Expandable calculations with integers (HO)
)
\Hy@SavedSpaceFactor=\count274

(/Users/diegovegav/Library/Application Support/MiKTeX/texmfs/install/tex/latex/
hyperref/puenc.def
File: puenc.def 2024-11-05 v7.01l Hyperref: PDF Unicode definition (HO)
Now handling font encoding PU ...
... no UTF-8 mapping file for font encoding PU
)
Package hyperref Info: Hyper figures OFF on input line 4157.
Package hyperref Info: Link nesting OFF on input line 4162.
Package hyperref Info: Hyper index ON on input line 4165.
Package hyperref Info: Plain pages OFF on input line 4172.
Package hyperref Info: Backreferencing OFF on input line 4177.
Package hyperref Info: Implicit mode ON; LaTeX internals redefined.
Package hyperref Info: Bookmarks ON on input line 4424.
\c@Hy@tempcnt=\count275

(/Users/diegovegav/Library/Application Support/MiKTeX/texmfs/install/tex/latex/
url/url.sty
\Urlmuskip=\muskip17
Package: url 2013/09/16  ver 3.4  Verb mode for urls, etc.
)
LaTeX Info: Redefining \url on input line 4763.
\XeTeXLinkMargin=\dimen143

(/Users/diegovegav/Library/Application Support/MiKTeX/texmfs/install/tex/generi
c/bitset/bitset.sty
Package: bitset 2019/12/09 v1.3 Handle bit-vector datatype (HO)

(/Users/diegovegav/Library/Application Support/MiKTeX/texmfs/install/tex/generi
c/bigintcalc/bigintcalc.sty
Package: bigintcalc 2019/12/15 v1.5 Expandable calculations on big integers (HO
)
))
\Fld@menulength=\count276
\Field@Width=\dimen144
\Fld@charsize=\dimen145
Package hyperref Info: Hyper figures OFF on input line 6042.
Package hyperref Info: Link nesting OFF on input line 6047.
Package hyperref Info: Hyper index ON on input line 6050.
Package hyperref Info: backreferencing OFF on input line 6057.
Package hyperref Info: Link coloring OFF on input line 6062.
Package hyperref Info: Link coloring with OCG OFF on input line 6067.
Package hyperref Info: PDF/A mode OFF on input line 6072.

(/Users/diegovegav/Library/Application Support/MiKTeX/texmfs/install/tex/latex/
base/atbegshi-ltx.sty
Package: atbegshi-ltx 2021/01/10 v1.0c Emulation of the original atbegshi
package with kernel methods
)
\Hy@abspage=\count277
\c@Item=\count278
\c@Hfootnote=\count279
)
Package hyperref Info: Driver (autodetected): hpdftex.

(/Users/diegovegav/Library/Application Support/MiKTeX/texmfs/install/tex/latex/
hyperref/hpdftex.def
File: hpdftex.def 2024-11-05 v7.01l Hyperref driver for pdfTeX

(/Users/diegovegav/Library/Application Support/MiKTeX/texmfs/install/tex/latex/
base/atveryend-ltx.sty
Package: atveryend-ltx 2020/08/19 v1.0a Emulation of the original atveryend pac
kage
with kernel methods
)
\Fld@listcount=\count280
\c@bookmark@seq@number=\count281

(/Users/diegovegav/Library/Application Support/MiKTeX/texmfs/install/tex/latex/
rerunfilecheck/rerunfilecheck.sty
Package: rerunfilecheck 2022-07-10 v1.10 Rerun checks for auxiliary files (HO)

(/Users/diegovegav/Library/Application Support/MiKTeX/texmfs/install/tex/generi
c/uniquecounter/uniquecounter.sty
Package: uniquecounter 2019/12/15 v1.4 Provide unlimited unique counter (HO)
)
Package uniquecounter Info: New unique counter `rerunfilecheck' on input line 2
85.
)
\Hy@SectionHShift=\skip51
) (diegocon.sty
Package: diegocon 2025 (Diego Alberto Vega V^^c3^^adquez)
Package diegocon Info: Comandos para Contingencias de Vida y Simbolog^^c3^^ada 
matem^^c3^^a1tica asociada on input line 4.

(/Users/diegovegav/Library/Application Support/MiKTeX/texmfs/install/tex/latex/
graphics/graphicx.sty
Package: graphicx 2021/09/16 v1.2d Enhanced LaTeX Graphics (DPC,SPQR)

(/Users/diegovegav/Library/Application Support/MiKTeX/texmfs/install/tex/latex/
graphics/graphics.sty
Package: graphics 2024/08/06 v1.4g Standard LaTeX Graphics (DPC,SPQR)

(/Users/diegovegav/Library/Application Support/MiKTeX/texmfs/install/tex/latex/
graphics/trig.sty
Package: trig 2023/12/02 v1.11 sin cos tan (DPC)
)
(/Users/diegovegav/Library/Application Support/MiKTeX/texmfs/install/tex/latex/
graphics-cfg/graphics.cfg
File: graphics.cfg 2016/06/04 v1.11 sample graphics configuration
)
Package graphics Info: Driver file: pdftex.def on input line 106.

(/Users/diegovegav/Library/Application Support/MiKTeX/texmfs/install/tex/latex/
graphics-def/pdftex.def
File: pdftex.def 2024/04/13 v1.2c Graphics/color driver for pdftex
))
\Gin@req@height=\dimen146
\Gin@req@width=\dimen147
)
(/Users/diegovegav/Library/Application Support/MiKTeX/texmfs/install/tex/latex/
tools/verbatim.sty
Package: verbatim 2024-01-22 v1.5x LaTeX2e package for verbatim enhancements
\every@verbatim=\toks20
\verbatim@line=\toks21
\verbatim@in@stream=\read2
)
(/Users/diegovegav/Library/Application Support/MiKTeX/texmfs/install/tex/latex/
amsmath/amsmath.sty
Package: amsmath 2024/11/05 v2.17t AMS math features
\@mathmargin=\skip52

For additional information on amsmath, use the `?' option.

(/Users/diegovegav/Library/Application Support/MiKTeX/texmfs/install/tex/latex/
amsmath/amstext.sty
Package: amstext 2021/08/26 v2.01 AMS text

(/Users/diegovegav/Library/Application Support/MiKTeX/texmfs/install/tex/latex/
amsmath/amsgen.sty
File: amsgen.sty 1999/11/30 v2.0 generic functions
\@emptytoks=\toks22
\ex@=\dimen148
))
(/Users/diegovegav/Library/Application Support/MiKTeX/texmfs/install/tex/latex/
amsmath/amsbsy.sty
Package: amsbsy 1999/11/29 v1.2d Bold Symbols
\pmbraise@=\dimen149
)
(/Users/diegovegav/Library/Application Support/MiKTeX/texmfs/install/tex/latex/
amsmath/amsopn.sty
Package: amsopn 2022/04/08 v2.04 operator names
)
\inf@bad=\count282
LaTeX Info: Redefining \frac on input line 233.
\uproot@=\count283
\leftroot@=\count284
LaTeX Info: Redefining \overline on input line 398.
LaTeX Info: Redefining \colon on input line 409.
\classnum@=\count285
\DOTSCASE@=\count286
LaTeX Info: Redefining \ldots on input line 495.
LaTeX Info: Redefining \dots on input line 498.
LaTeX Info: Redefining \cdots on input line 619.
\Mathstrutbox@=\box52
\strutbox@=\box53
LaTeX Info: Redefining \big on input line 721.
LaTeX Info: Redefining \Big on input line 722.
LaTeX Info: Redefining \bigg on input line 723.
LaTeX Info: Redefining \Bigg on input line 724.
\big@size=\dimen150
LaTeX Font Info:    Redeclaring font encoding OML on input line 742.
LaTeX Font Info:    Redeclaring font encoding OMS on input line 743.
\macc@depth=\count287
LaTeX Info: Redefining \bmod on input line 904.
LaTeX Info: Redefining \pmod on input line 909.
LaTeX Info: Redefining \smash on input line 939.
LaTeX Info: Redefining \relbar on input line 969.
LaTeX Info: Redefining \Relbar on input line 970.
\c@MaxMatrixCols=\count288
\dotsspace@=\muskip18
\c@parentequation=\count289
\dspbrk@lvl=\count290
\tag@help=\toks23
\row@=\count291
\column@=\count292
\maxfields@=\count293
\andhelp@=\toks24
\eqnshift@=\dimen151
\alignsep@=\dimen152
\tagshift@=\dimen153
\tagwidth@=\dimen154
\totwidth@=\dimen155
\lineht@=\dimen156
\@envbody=\toks25
\multlinegap=\skip53
\multlinetaggap=\skip54
\mathdisplay@stack=\toks26
LaTeX Info: Redefining \[ on input line 2953.
LaTeX Info: Redefining \] on input line 2954.
)
(/Users/diegovegav/Library/Application Support/MiKTeX/texmfs/install/tex/latex/
amsfonts/amssymb.sty
Package: amssymb 2013/01/14 v3.01 AMS font symbols

(/Users/diegovegav/Library/Application Support/MiKTeX/texmfs/install/tex/latex/
amsfonts/amsfonts.sty
Package: amsfonts 2013/01/14 v3.01 Basic AMSFonts support
\symAMSa=\mathgroup4
\symAMSb=\mathgroup5
LaTeX Font Info:    Redeclaring math symbol \hbar on input line 98.
LaTeX Font Info:    Overwriting math alphabet `\mathfrak' in version `bold'
(Font)                  U/euf/m/n --> U/euf/b/n on input line 106.
))
(/Users/diegovegav/Library/Application Support/MiKTeX/texmfs/install/tex/latex/
amscls/amsthm.sty
Package: amsthm 2020/05/29 v2.20.6
\thm@style=\toks27
\thm@bodyfont=\toks28
\thm@headfont=\toks29
\thm@notefont=\toks30
\thm@headpunct=\toks31
\thm@preskip=\skip55
\thm@postskip=\skip56
\thm@headsep=\skip57
\dth@everypar=\toks32
)
(/Users/diegovegav/Library/Application Support/MiKTeX/texmfs/install/tex/latex/
jknappen/mathrsfs.sty
Package: mathrsfs 1996/01/01 Math RSFS package v1.0 (jk)
\symrsfs=\mathgroup6
)
(/Users/diegovegav/Library/Application Support/MiKTeX/texmfs/install/tex/latex/
cancel/cancel.sty
Package: cancel 2013/04/12 v2.2 Cancel math terms
)
(/Users/diegovegav/Library/Application Support/MiKTeX/texmfs/install/tex/latex/
tools/multicol.sty
Package: multicol 2024/09/14 v1.9i multicolumn formatting (FMi)
\c@tracingmulticols=\count294
\mult@box=\box54
\multicol@leftmargin=\dimen157
\c@unbalance=\count295
\c@collectmore=\count296
\doublecol@number=\count297
\multicoltolerance=\count298
\multicolpretolerance=\count299
\full@width=\dimen158
\page@free=\dimen159
\premulticols=\dimen160
\postmulticols=\dimen161
\multicolsep=\skip58
\multicolbaselineskip=\skip59
\partial@page=\box55
\last@line=\box56
\mc@boxedresult=\box57
\maxbalancingoverflow=\dimen162
\mult@rightbox=\box58
\mult@grightbox=\box59
\mult@firstbox=\box60
\mult@gfirstbox=\box61
\@tempa=\box62
\@tempa=\box63
\@tempa=\box64
\@tempa=\box65
\@tempa=\box66
\@tempa=\box67
\@tempa=\box68
\@tempa=\box69
\@tempa=\box70
\@tempa=\box71
\@tempa=\box72
\@tempa=\box73
\@tempa=\box74
\@tempa=\box75
\@tempa=\box76
\@tempa=\box77
\@tempa=\box78
\@tempa=\box79
\@tempa=\box80
\@tempa=\box81
\@tempa=\box82
\@tempa=\box83
\@tempa=\box84
\@tempa=\box85
\@tempa=\box86
\@tempa=\box87
\@tempa=\box88
\@tempa=\box89
\@tempa=\box90
\@tempa=\box91
\@tempa=\box92
\@tempa=\box93
\@tempa=\box94
\@tempa=\box95
\@tempa=\box96
\@tempa=\box97
\c@minrows=\count300
\c@columnbadness=\count301
\c@finalcolumnbadness=\count302
\last@try=\dimen163
\multicolovershoot=\dimen164
\multicolundershoot=\dimen165
\mult@nat@firstbox=\box98
\colbreak@box=\box99
\mc@col@check@num=\count303
)
(/Users/diegovegav/Library/Application Support/MiKTeX/texmfs/install/tex/latex/
titlesec/titlesec.sty
Package: titlesec 2025/01/04 v2.17 Sectioning titles
\ttl@box=\box100
\beforetitleunit=\skip60
\aftertitleunit=\skip61
\ttl@plus=\dimen166
\ttl@minus=\dimen167
\ttl@toksa=\toks33
\titlewidth=\dimen168
\titlewidthlast=\dimen169
\titlewidthfirst=\dimen170
)
(/Users/diegovegav/Library/Application Support/MiKTeX/texmfs/install/tex/latex/
changepage/changepage.sty
Package: changepage 2009/10/20 v1.0c check page and change page layout
\c@cp@cntr=\count304
\cp@tempcnt=\count305
)
(/Users/diegovegav/Library/Application Support/MiKTeX/texmfs/install/tex/latex/
parskip/parskip.sty
Package: parskip 2021-03-14 v2.0h non-zero parskip adjustments
)
(/Users/diegovegav/Library/Application Support/MiKTeX/texmfs/install/tex/latex/
blindtext/blindtext.sty
Package: blindtext 2012/01/06 V2.0 blindtext-Package

(/Users/diegovegav/Library/Application Support/MiKTeX/texmfs/install/tex/latex/
tools/xspace.sty
Package: xspace 2014/10/28 v1.13 Space after command names (DPC,MH)
)
\c@blindtext=\count306
\c@Blindtext=\count307
\c@blind@countparstart=\count308
\blind@countxx=\count309
\blindtext@numBlindtext=\count310
\blind@countyy=\count311
\c@blindlist=\count312
\c@blindlistlevel=\count313
\c@blindlist@level=\count314
\blind@listitem=\count315
\c@blind@listcount=\count316
\c@blind@levelcount=\count317
\blind@mathformula=\count318
\blind@Mathformula=\count319
\c@blind@randomcount=\count320
\c@blind@randommax=\count321
\c@blind@pangramcount=\count322
\c@blind@pangrammax=\count323
)
(/Users/diegovegav/Library/Application Support/MiKTeX/texmfs/install/tex/latex/
fancyhdr/fancyhdr.sty
Package: fancyhdr 2025/02/07 v5.2 Extensive control of page headers and footers

\f@nch@headwidth=\skip62
\f@nch@offset@elh=\skip63
\f@nch@offset@erh=\skip64
\f@nch@offset@olh=\skip65
\f@nch@offset@orh=\skip66
\f@nch@offset@elf=\skip67
\f@nch@offset@erf=\skip68
\f@nch@offset@olf=\skip69
\f@nch@offset@orf=\skip70
\f@nch@height=\skip71
\f@nch@footalignment=\skip72
\f@nch@widthL=\skip73
\f@nch@widthC=\skip74
\f@nch@widthR=\skip75
\@temptokenb=\toks34
)
(/Users/diegovegav/Library/Application Support/MiKTeX/texmfs/install/tex/latex/
geometry/geometry.sty
Package: geometry 2020/01/02 v5.9 Page Geometry

(/Users/diegovegav/Library/Application Support/MiKTeX/texmfs/install/tex/generi
c/iftex/ifvtex.sty
Package: ifvtex 2019/10/25 v1.7 ifvtex legacy package. Use iftex instead.
)
\Gm@cnth=\count324
\Gm@cntv=\count325
\c@Gm@tempcnt=\count326
\Gm@bindingoffset=\dimen171
\Gm@wd@mp=\dimen172
\Gm@odd@mp=\dimen173
\Gm@even@mp=\dimen174
\Gm@layoutwidth=\dimen175
\Gm@layoutheight=\dimen176
\Gm@layouthoffset=\dimen177
\Gm@layoutvoffset=\dimen178
\Gm@dimlist=\toks35

(/Users/diegovegav/Library/Application Support/MiKTeX/texmfs/install/tex/latex/
geometry/geometry.cfg))
(/Users/diegovegav/Library/Application Support/MiKTeX/texmfs/install/tex/latex/
setspace/setspace.sty
Package: setspace 2022/12/04 v6.7b set line spacing
)
(/Users/diegovegav/Library/Application Support/MiKTeX/texmfs/install/tex/generi
c/soul/soul.sty
Package: soul 2023-06-14 v3.1 Permit use of UTF-8 characters in soul (HO)

(/Users/diegovegav/Library/Application Support/MiKTeX/texmfs/install/tex/generi
c/soul/soul-ori.sty
Package: soul-ori 2023-06-14 v3.1 letterspacing/underlining (mf)
\SOUL@word=\toks36
\SOUL@lasttoken=\toks37
\SOUL@syllable=\toks38
\SOUL@cmds=\toks39
\SOUL@buffer=\toks40
\SOUL@token=\toks41
\SOUL@syllgoal=\dimen179
\SOUL@syllwidth=\dimen180
\SOUL@charkern=\dimen181
\SOUL@hyphkern=\dimen182
\SOUL@dimen=\dimen183
\SOUL@dimeni=\dimen184
\SOUL@minus=\count327
\SOUL@comma=\count328
\SOUL@apo=\count329
\SOUL@grave=\count330
\SOUL@spaceskip=\skip76
\SOUL@ttwidth=\dimen185
\SOUL@uldp=\dimen186
\SOUL@ulht=\dimen187
)
(/Users/diegovegav/Library/Application Support/MiKTeX/texmfs/install/tex/generi
c/etexcmds/etexcmds.sty
Package: etexcmds 2019/12/15 v1.7 Avoid name clashes with e-TeX commands (HO)
))
(/Users/diegovegav/Library/Application Support/MiKTeX/texmfs/install/tex/latex/
xcolor/xcolor.sty
Package: xcolor 2024/09/29 v3.02 LaTeX color extensions (UK)

(/Users/diegovegav/Library/Application Support/MiKTeX/texmfs/install/tex/latex/
graphics-cfg/color.cfg
File: color.cfg 2016/01/02 v1.6 sample color configuration
)
Package xcolor Info: Driver file: pdftex.def on input line 274.

(/Users/diegovegav/Library/Application Support/MiKTeX/texmfs/install/tex/latex/
graphics/mathcolor.ltx)
Package xcolor Info: Model `cmy' substituted by `cmy0' on input line 1349.
Package xcolor Info: Model `hsb' substituted by `rgb' on input line 1353.
Package xcolor Info: Model `RGB' extended on input line 1365.
Package xcolor Info: Model `HTML' substituted by `rgb' on input line 1367.
Package xcolor Info: Model `Hsb' substituted by `hsb' on input line 1368.
Package xcolor Info: Model `tHsb' substituted by `hsb' on input line 1369.
Package xcolor Info: Model `HSB' substituted by `hsb' on input line 1370.
Package xcolor Info: Model `Gray' substituted by `gray' on input line 1371.
Package xcolor Info: Model `wave' substituted by `hsb' on input line 1372.
)
(/Users/diegovegav/Library/Application Support/MiKTeX/texmfs/install/tex/latex/
framed/framed.sty
Package: framed 2011/10/22 v 0.96: framed or shaded text with page breaks
\OuterFrameSep=\skip77
\fb@frw=\dimen188
\fb@frh=\dimen189
\FrameRule=\dimen190
\FrameSep=\dimen191
)
(/Users/diegovegav/Library/Application Support/MiKTeX/texmfs/install/tex/latex/
pgf/frontendlayer/tikz.sty
(/Users/diegovegav/Library/Application Support/MiKTeX/texmfs/install/tex/latex/
pgf/basiclayer/pgf.sty
(/Users/diegovegav/Library/Application Support/MiKTeX/texmfs/install/tex/latex/
pgf/utilities/pgfrcs.sty
(/Users/diegovegav/Library/Application Support/MiKTeX/texmfs/install/tex/generi
c/pgf/utilities/pgfutil-common.tex
\pgfutil@everybye=\toks42
\pgfutil@tempdima=\dimen192
\pgfutil@tempdimb=\dimen193
)
(/Users/diegovegav/Library/Application Support/MiKTeX/texmfs/install/tex/generi
c/pgf/utilities/pgfutil-latex.def
\pgfutil@abb=\box101
)
(/Users/diegovegav/Library/Application Support/MiKTeX/texmfs/install/tex/generi
c/pgf/utilities/pgfrcs.code.tex
(/Users/diegovegav/Library/Application Support/MiKTeX/texmfs/install/tex/generi
c/pgf/pgf.revision.tex)
Package: pgfrcs 2023-01-15 v3.1.10 (3.1.10)
))
Package: pgf 2023-01-15 v3.1.10 (3.1.10)

(/Users/diegovegav/Library/Application Support/MiKTeX/texmfs/install/tex/latex/
pgf/basiclayer/pgfcore.sty
(/Users/diegovegav/Library/Application Support/MiKTeX/texmfs/install/tex/latex/
pgf/systemlayer/pgfsys.sty
(/Users/diegovegav/Library/Application Support/MiKTeX/texmfs/install/tex/generi
c/pgf/systemlayer/pgfsys.code.tex
Package: pgfsys 2023-01-15 v3.1.10 (3.1.10)

(/Users/diegovegav/Library/Application Support/MiKTeX/texmfs/install/tex/generi
c/pgf/utilities/pgfkeys.code.tex
\pgfkeys@pathtoks=\toks43
\pgfkeys@temptoks=\toks44

(/Users/diegovegav/Library/Application Support/MiKTeX/texmfs/install/tex/generi
c/pgf/utilities/pgfkeyslibraryfiltered.code.tex
\pgfkeys@tmptoks=\toks45
))
\pgf@x=\dimen194
\pgf@y=\dimen195
\pgf@xa=\dimen196
\pgf@ya=\dimen197
\pgf@xb=\dimen198
\pgf@yb=\dimen199
\pgf@xc=\dimen256
\pgf@yc=\dimen257
\pgf@xd=\dimen258
\pgf@yd=\dimen259
\w@pgf@writea=\write3
\r@pgf@reada=\read3
\c@pgf@counta=\count331
\c@pgf@countb=\count332
\c@pgf@countc=\count333
\c@pgf@countd=\count334
\t@pgf@toka=\toks46
\t@pgf@tokb=\toks47
\t@pgf@tokc=\toks48
\pgf@sys@id@count=\count335

(/Users/diegovegav/Library/Application Support/MiKTeX/texmfs/install/tex/generi
c/pgf/systemlayer/pgf.cfg
File: pgf.cfg 2023-01-15 v3.1.10 (3.1.10)
)
Driver file for pgf: pgfsys-pdftex.def

(/Users/diegovegav/Library/Application Support/MiKTeX/texmfs/install/tex/generi
c/pgf/systemlayer/pgfsys-pdftex.def
File: pgfsys-pdftex.def 2023-01-15 v3.1.10 (3.1.10)

(/Users/diegovegav/Library/Application Support/MiKTeX/texmfs/install/tex/generi
c/pgf/systemlayer/pgfsys-common-pdf.def
File: pgfsys-common-pdf.def 2023-01-15 v3.1.10 (3.1.10)
)))
(/Users/diegovegav/Library/Application Support/MiKTeX/texmfs/install/tex/generi
c/pgf/systemlayer/pgfsyssoftpath.code.tex
File: pgfsyssoftpath.code.tex 2023-01-15 v3.1.10 (3.1.10)
\pgfsyssoftpath@smallbuffer@items=\count336
\pgfsyssoftpath@bigbuffer@items=\count337
)
(/Users/diegovegav/Library/Application Support/MiKTeX/texmfs/install/tex/generi
c/pgf/systemlayer/pgfsysprotocol.code.tex
File: pgfsysprotocol.code.tex 2023-01-15 v3.1.10 (3.1.10)
))
(/Users/diegovegav/Library/Application Support/MiKTeX/texmfs/install/tex/generi
c/pgf/basiclayer/pgfcore.code.tex
Package: pgfcore 2023-01-15 v3.1.10 (3.1.10)

(/Users/diegovegav/Library/Application Support/MiKTeX/texmfs/install/tex/generi
c/pgf/math/pgfmath.code.tex
(/Users/diegovegav/Library/Application Support/MiKTeX/texmfs/install/tex/generi
c/pgf/math/pgfmathutil.code.tex)
(/Users/diegovegav/Library/Application Support/MiKTeX/texmfs/install/tex/generi
c/pgf/math/pgfmathparser.code.tex
\pgfmath@dimen=\dimen260
\pgfmath@count=\count338
\pgfmath@box=\box102
\pgfmath@toks=\toks49
\pgfmath@stack@operand=\toks50
\pgfmath@stack@operation=\toks51
)
(/Users/diegovegav/Library/Application Support/MiKTeX/texmfs/install/tex/generi
c/pgf/math/pgfmathfunctions.code.tex)
(/Users/diegovegav/Library/Application Support/MiKTeX/texmfs/install/tex/generi
c/pgf/math/pgfmathfunctions.basic.code.tex)
(/Users/diegovegav/Library/Application Support/MiKTeX/texmfs/install/tex/generi
c/pgf/math/pgfmathfunctions.trigonometric.code.tex)
(/Users/diegovegav/Library/Application Support/MiKTeX/texmfs/install/tex/generi
c/pgf/math/pgfmathfunctions.random.code.tex)
(/Users/diegovegav/Library/Application Support/MiKTeX/texmfs/install/tex/generi
c/pgf/math/pgfmathfunctions.comparison.code.tex)
(/Users/diegovegav/Library/Application Support/MiKTeX/texmfs/install/tex/generi
c/pgf/math/pgfmathfunctions.base.code.tex)
(/Users/diegovegav/Library/Application Support/MiKTeX/texmfs/install/tex/generi
c/pgf/math/pgfmathfunctions.round.code.tex)
(/Users/diegovegav/Library/Application Support/MiKTeX/texmfs/install/tex/generi
c/pgf/math/pgfmathfunctions.misc.code.tex)
(/Users/diegovegav/Library/Application Support/MiKTeX/texmfs/install/tex/generi
c/pgf/math/pgfmathfunctions.integerarithmetics.code.tex)
(/Users/diegovegav/Library/Application Support/MiKTeX/texmfs/install/tex/generi
c/pgf/math/pgfmathcalc.code.tex)
(/Users/diegovegav/Library/Application Support/MiKTeX/texmfs/install/tex/generi
c/pgf/math/pgfmathfloat.code.tex
\c@pgfmathroundto@lastzeros=\count339
))
(/Users/diegovegav/Library/Application Support/MiKTeX/texmfs/install/tex/generi
c/pgf/math/pgfint.code.tex)
(/Users/diegovegav/Library/Application Support/MiKTeX/texmfs/install/tex/generi
c/pgf/basiclayer/pgfcorepoints.code.tex
File: pgfcorepoints.code.tex 2023-01-15 v3.1.10 (3.1.10)
\pgf@picminx=\dimen261
\pgf@picmaxx=\dimen262
\pgf@picminy=\dimen263
\pgf@picmaxy=\dimen264
\pgf@pathminx=\dimen265
\pgf@pathmaxx=\dimen266
\pgf@pathminy=\dimen267
\pgf@pathmaxy=\dimen268
\pgf@xx=\dimen269
\pgf@xy=\dimen270
\pgf@yx=\dimen271
\pgf@yy=\dimen272
\pgf@zx=\dimen273
\pgf@zy=\dimen274
)
(/Users/diegovegav/Library/Application Support/MiKTeX/texmfs/install/tex/generi
c/pgf/basiclayer/pgfcorepathconstruct.code.tex
File: pgfcorepathconstruct.code.tex 2023-01-15 v3.1.10 (3.1.10)
\pgf@path@lastx=\dimen275
\pgf@path@lasty=\dimen276
)
(/Users/diegovegav/Library/Application Support/MiKTeX/texmfs/install/tex/generi
c/pgf/basiclayer/pgfcorepathusage.code.tex
File: pgfcorepathusage.code.tex 2023-01-15 v3.1.10 (3.1.10)
\pgf@shorten@end@additional=\dimen277
\pgf@shorten@start@additional=\dimen278
)
(/Users/diegovegav/Library/Application Support/MiKTeX/texmfs/install/tex/generi
c/pgf/basiclayer/pgfcorescopes.code.tex
File: pgfcorescopes.code.tex 2023-01-15 v3.1.10 (3.1.10)
\pgfpic=\box103
\pgf@hbox=\box104
\pgf@layerbox@main=\box105
\pgf@picture@serial@count=\count340
)
(/Users/diegovegav/Library/Application Support/MiKTeX/texmfs/install/tex/generi
c/pgf/basiclayer/pgfcoregraphicstate.code.tex
File: pgfcoregraphicstate.code.tex 2023-01-15 v3.1.10 (3.1.10)
\pgflinewidth=\dimen279
)
(/Users/diegovegav/Library/Application Support/MiKTeX/texmfs/install/tex/generi
c/pgf/basiclayer/pgfcoretransformations.code.tex
File: pgfcoretransformations.code.tex 2023-01-15 v3.1.10 (3.1.10)
\pgf@pt@x=\dimen280
\pgf@pt@y=\dimen281
\pgf@pt@temp=\dimen282
)
(/Users/diegovegav/Library/Application Support/MiKTeX/texmfs/install/tex/generi
c/pgf/basiclayer/pgfcorequick.code.tex
File: pgfcorequick.code.tex 2023-01-15 v3.1.10 (3.1.10)
)
(/Users/diegovegav/Library/Application Support/MiKTeX/texmfs/install/tex/generi
c/pgf/basiclayer/pgfcoreobjects.code.tex
File: pgfcoreobjects.code.tex 2023-01-15 v3.1.10 (3.1.10)
)
(/Users/diegovegav/Library/Application Support/MiKTeX/texmfs/install/tex/generi
c/pgf/basiclayer/pgfcorepathprocessing.code.tex
File: pgfcorepathprocessing.code.tex 2023-01-15 v3.1.10 (3.1.10)
)
(/Users/diegovegav/Library/Application Support/MiKTeX/texmfs/install/tex/generi
c/pgf/basiclayer/pgfcorearrows.code.tex
File: pgfcorearrows.code.tex 2023-01-15 v3.1.10 (3.1.10)
\pgfarrowsep=\dimen283
)
(/Users/diegovegav/Library/Application Support/MiKTeX/texmfs/install/tex/generi
c/pgf/basiclayer/pgfcoreshade.code.tex
File: pgfcoreshade.code.tex 2023-01-15 v3.1.10 (3.1.10)
\pgf@max=\dimen284
\pgf@sys@shading@range@num=\count341
\pgf@shadingcount=\count342
)
(/Users/diegovegav/Library/Application Support/MiKTeX/texmfs/install/tex/generi
c/pgf/basiclayer/pgfcoreimage.code.tex
File: pgfcoreimage.code.tex 2023-01-15 v3.1.10 (3.1.10)
)
(/Users/diegovegav/Library/Application Support/MiKTeX/texmfs/install/tex/generi
c/pgf/basiclayer/pgfcoreexternal.code.tex
File: pgfcoreexternal.code.tex 2023-01-15 v3.1.10 (3.1.10)
\pgfexternal@startupbox=\box106
)
(/Users/diegovegav/Library/Application Support/MiKTeX/texmfs/install/tex/generi
c/pgf/basiclayer/pgfcorelayers.code.tex
File: pgfcorelayers.code.tex 2023-01-15 v3.1.10 (3.1.10)
)
(/Users/diegovegav/Library/Application Support/MiKTeX/texmfs/install/tex/generi
c/pgf/basiclayer/pgfcoretransparency.code.tex
File: pgfcoretransparency.code.tex 2023-01-15 v3.1.10 (3.1.10)
)
(/Users/diegovegav/Library/Application Support/MiKTeX/texmfs/install/tex/generi
c/pgf/basiclayer/pgfcorepatterns.code.tex
File: pgfcorepatterns.code.tex 2023-01-15 v3.1.10 (3.1.10)
)
(/Users/diegovegav/Library/Application Support/MiKTeX/texmfs/install/tex/generi
c/pgf/basiclayer/pgfcorerdf.code.tex
File: pgfcorerdf.code.tex 2023-01-15 v3.1.10 (3.1.10)
)))
(/Users/diegovegav/Library/Application Support/MiKTeX/texmfs/install/tex/generi
c/pgf/modules/pgfmoduleshapes.code.tex
File: pgfmoduleshapes.code.tex 2023-01-15 v3.1.10 (3.1.10)
\pgfnodeparttextbox=\box107
)
(/Users/diegovegav/Library/Application Support/MiKTeX/texmfs/install/tex/generi
c/pgf/modules/pgfmoduleplot.code.tex
File: pgfmoduleplot.code.tex 2023-01-15 v3.1.10 (3.1.10)
)
(/Users/diegovegav/Library/Application Support/MiKTeX/texmfs/install/tex/latex/
pgf/compatibility/pgfcomp-version-0-65.sty
Package: pgfcomp-version-0-65 2023-01-15 v3.1.10 (3.1.10)
\pgf@nodesepstart=\dimen285
\pgf@nodesepend=\dimen286
)
(/Users/diegovegav/Library/Application Support/MiKTeX/texmfs/install/tex/latex/
pgf/compatibility/pgfcomp-version-1-18.sty
Package: pgfcomp-version-1-18 2023-01-15 v3.1.10 (3.1.10)
))
(/Users/diegovegav/Library/Application Support/MiKTeX/texmfs/install/tex/latex/
pgf/utilities/pgffor.sty
(/Users/diegovegav/Library/Application Support/MiKTeX/texmfs/install/tex/latex/
pgf/utilities/pgfkeys.sty
(/Users/diegovegav/Library/Application Support/MiKTeX/texmfs/install/tex/generi
c/pgf/utilities/pgfkeys.code.tex))
(/Users/diegovegav/Library/Application Support/MiKTeX/texmfs/install/tex/latex/
pgf/math/pgfmath.sty
(/Users/diegovegav/Library/Application Support/MiKTeX/texmfs/install/tex/generi
c/pgf/math/pgfmath.code.tex))
(/Users/diegovegav/Library/Application Support/MiKTeX/texmfs/install/tex/generi
c/pgf/utilities/pgffor.code.tex
Package: pgffor 2023-01-15 v3.1.10 (3.1.10)
\pgffor@iter=\dimen287
\pgffor@skip=\dimen288
\pgffor@stack=\toks52
\pgffor@toks=\toks53
))
(/Users/diegovegav/Library/Application Support/MiKTeX/texmfs/install/tex/generi
c/pgf/frontendlayer/tikz/tikz.code.tex
Package: tikz 2023-01-15 v3.1.10 (3.1.10)

(/Users/diegovegav/Library/Application Support/MiKTeX/texmfs/install/tex/generi
c/pgf/libraries/pgflibraryplothandlers.code.tex
File: pgflibraryplothandlers.code.tex 2023-01-15 v3.1.10 (3.1.10)
\pgf@plot@mark@count=\count343
\pgfplotmarksize=\dimen289
)
\tikz@lastx=\dimen290
\tikz@lasty=\dimen291
\tikz@lastxsaved=\dimen292
\tikz@lastysaved=\dimen293
\tikz@lastmovetox=\dimen294
\tikz@lastmovetoy=\dimen295
\tikzleveldistance=\dimen296
\tikzsiblingdistance=\dimen297
\tikz@figbox=\box108
\tikz@figbox@bg=\box109
\tikz@tempbox=\box110
\tikz@tempbox@bg=\box111
\tikztreelevel=\count344
\tikznumberofchildren=\count345
\tikznumberofcurrentchild=\count346
\tikz@fig@count=\count347

(/Users/diegovegav/Library/Application Support/MiKTeX/texmfs/install/tex/generi
c/pgf/modules/pgfmodulematrix.code.tex
File: pgfmodulematrix.code.tex 2023-01-15 v3.1.10 (3.1.10)
\pgfmatrixcurrentrow=\count348
\pgfmatrixcurrentcolumn=\count349
\pgf@matrix@numberofcolumns=\count350
)
\tikz@expandcount=\count351

(/Users/diegovegav/Library/Application Support/MiKTeX/texmfs/install/tex/generi
c/pgf/frontendlayer/tikz/libraries/tikzlibrarytopaths.code.tex
File: tikzlibrarytopaths.code.tex 2023-01-15 v3.1.10 (3.1.10)
)))
(/Users/diegovegav/Library/Application Support/MiKTeX/texmfs/install/tex/latex/
booktabs/booktabs.sty
Package: booktabs 2020/01/12 v1.61803398 Publication quality tables
\heavyrulewidth=\dimen298
\lightrulewidth=\dimen299
\cmidrulewidth=\dimen300
\belowrulesep=\dimen301
\belowbottomsep=\dimen302
\aboverulesep=\dimen303
\abovetopsep=\dimen304
\cmidrulesep=\dimen305
\cmidrulekern=\dimen306
\defaultaddspace=\dimen307
\@cmidla=\count352
\@cmidlb=\count353
\@aboverulesep=\dimen308
\@belowrulesep=\dimen309
\@thisruleclass=\count354
\@lastruleclass=\count355
\@thisrulewidth=\dimen310
)
(/Users/diegovegav/Library/Application Support/MiKTeX/texmfs/install/tex/latex/
actuarialsymbol/actuarialsymbol.sty
Package: actuarialsymbol 2019/06/13 v1.1 Actuarial symbols

(/Users/diegovegav/Library/Application Support/MiKTeX/texmfs/install/tex/latex/
actuarialangle/actuarialangle.sty
Package: actuarialangle 2019/06/13 v2.1 Actuarial angle

(/Users/diegovegav/Library/Application Support/MiKTeX/texmfs/install/tex/latex/
pict2e/pict2e.sty
Package: pict2e 2020/09/30 v0.4b Improved picture commands (HjG,RN,JT)

(/Users/diegovegav/Library/Application Support/MiKTeX/texmfs/install/tex/latex/
pict2e/pict2e.cfg
File: pict2e.cfg 2016/02/05 v0.1u pict2e configuration for teTeX/TeXLive
)
Package pict2e Info: Driver file: pdftex.def on input line 112.
Package pict2e Info: Driver file for pict2e: p2e-pdftex.def on input line 114.

(/Users/diegovegav/Library/Application Support/MiKTeX/texmfs/install/tex/latex/
pict2e/p2e-pdftex.def
File: p2e-pdftex.def 2016/02/05 v0.1u Driver-dependant file (RN,HjG,JT)
)
\pIIe@GRAPH=\toks54
\@arclen=\dimen311
\@arcrad=\dimen312
\pIIe@tempdima=\dimen313
\pIIe@tempdimb=\dimen314
\pIIe@tempdimc=\dimen315
\pIIe@tempdimd=\dimen316
\pIIe@tempdime=\dimen317
\pIIe@tempdimf=\dimen318
))
\twoletkern=\skip78
\nthtopsep=\skip79
\nthtopskip=\skip80
\nthbottomsep=\skip81
\nthbottomskip=\skip82
)
(/Users/diegovegav/Library/Application Support/MiKTeX/texmfs/install/tex/latex/
multirow/multirow.sty
Package: multirow 2024/11/12 v2.9 Span multiple rows of a table
\multirow@colwidth=\skip83
\multirow@cntb=\count356
\multirow@dima=\skip84
\bigstrutjot=\dimen319
)
(/Users/diegovegav/Library/Application Support/MiKTeX/texmfs/install/tex/latex/
graphics/lscape.sty
Package: lscape 2020/05/28 v3.02 Landscape Pages (DPC)
)
(/Users/diegovegav/Library/Application Support/MiKTeX/texmfs/install/tex/latex/
tools/array.sty
Package: array 2024/10/17 v2.6g Tabular extension package (FMi)
\col@sep=\dimen320
\ar@mcellbox=\box112
\extrarowheight=\dimen321
\NC@list=\toks55
\extratabsurround=\skip85
\backup@length=\skip86
\ar@cellbox=\box113
)
(/Users/diegovegav/Library/Application Support/MiKTeX/texmfs/install/tex/latex/
float/float.sty
Package: float 2001/11/08 v1.3d Float enhancements (AL)
\c@float@type=\count357
\float@exts=\toks56
\float@box=\box114
\@float@everytoks=\toks57
\@floatcapt=\box115
)
(/Users/diegovegav/Library/Application Support/MiKTeX/texmfs/install/tex/latex/
bookmark/bookmark.sty
Package: bookmark 2023-12-10 v1.31 PDF bookmarks (HO)

(/Users/diegovegav/Library/Application Support/MiKTeX/texmfs/install/tex/latex/
bookmark/bkm-pdftex.def
File: bkm-pdftex.def 2023-12-10 v1.31 bookmark driver for pdfTeX and luaTeX (HO
)
\BKM@id=\count358
))
(/Users/diegovegav/Library/Application Support/MiKTeX/texmfs/install/tex/latex/
l3packages/xparse/xparse.sty
(/Users/diegovegav/Library/Application Support/MiKTeX/texmfs/install/tex/latex/
l3kernel/expl3.sty
Package: expl3 2025-01-18 L3 programming layer (loader) 

(/Users/diegovegav/Library/Application Support/MiKTeX/texmfs/install/tex/latex/
l3backend/l3backend-pdftex.def
File: l3backend-pdftex.def 2024-05-08 L3 backend support: PDF output (pdfTeX)
\l__color_backend_stack_int=\count359
\l__pdf_internal_box=\box116
))
Package: xparse 2024-08-16 L3 Experimental document command parser
)
(/Users/diegovegav/Library/Application Support/MiKTeX/texmfs/install/tex/latex/
base/ifthen.sty
Package: ifthen 2024/03/16 v1.1e Standard LaTeX ifthen package (DPC)
)
(/Users/diegovegav/Library/Application Support/MiKTeX/texmfs/install/tex/latex/
tools/tabularx.sty
Package: tabularx 2023/12/11 v2.12a `tabularx' package (DPC)
\TX@col@width=\dimen322
\TX@old@table=\dimen323
\TX@old@col=\dimen324
\TX@target=\dimen325
\TX@delta=\dimen326
\TX@cols=\count360
\TX@ftn=\toks58
)
(/Users/diegovegav/Library/Application Support/MiKTeX/texmfs/install/tex/latex/
tcolorbox/tcolorbox.sty
Package: tcolorbox 2024/10/22 version 6.4.1 text color boxes

(/Users/diegovegav/Library/Application Support/MiKTeX/texmfs/install/tex/latex/
environ/environ.sty
Package: environ 2014/05/04 v0.3 A new way to define environments

(/Users/diegovegav/Library/Application Support/MiKTeX/texmfs/install/tex/latex/
trimspaces/trimspaces.sty
Package: trimspaces 2009/09/17 v1.1 Trim spaces around a token list
))
\tcb@titlebox=\box117
\tcb@upperbox=\box118
\tcb@lowerbox=\box119
\tcb@phantombox=\box120
\c@tcbbreakpart=\count361
\c@tcblayer=\count362
\c@tcolorbox@number=\count363
\l__tcobox_tmpa_box=\box121
\l__tcobox_tmpa_dim=\dimen327
\tcb@temp=\box122
\tcb@temp=\box123
\tcb@temp=\box124
\tcb@temp=\box125
)
(/Users/diegovegav/Library/Application Support/MiKTeX/texmfs/install/tex/latex/
doublestroke/dsfont.sty
Package: dsfont 1995/08/01 v0.1 Double stroke roman fonts
)
\LC@temph=\skip87
\LC@tempw=\skip88
\LC@templ=\skip89
\LC@tempwtwo=\skip90
) (documentacion_diegocon.aux)
\openout1 = `documentacion_diegocon.aux'.

LaTeX Font Info:    Checking defaults for OML/cmm/m/it on input line 20.
LaTeX Font Info:    ... okay on input line 20.
LaTeX Font Info:    Checking defaults for OMS/cmsy/m/n on input line 20.
LaTeX Font Info:    ... okay on input line 20.
LaTeX Font Info:    Checking defaults for OT1/cmr/m/n on input line 20.
LaTeX Font Info:    ... okay on input line 20.
LaTeX Font Info:    Checking defaults for T1/cmr/m/n on input line 20.
LaTeX Font Info:    ... okay on input line 20.
LaTeX Font Info:    Checking defaults for TS1/cmr/m/n on input line 20.
LaTeX Font Info:    ... okay on input line 20.
LaTeX Font Info:    Checking defaults for OMX/cmex/m/n on input line 20.
LaTeX Font Info:    ... okay on input line 20.
LaTeX Font Info:    Checking defaults for U/cmr/m/n on input line 20.
LaTeX Font Info:    ... okay on input line 20.
LaTeX Font Info:    Checking defaults for PD1/pdf/m/n on input line 20.
LaTeX Font Info:    ... okay on input line 20.
LaTeX Font Info:    Checking defaults for PU/pdf/m/n on input line 20.
LaTeX Font Info:    ... okay on input line 20.
Package hyperref Info: Link coloring OFF on input line 20.

(/Users/diegovegav/Library/Application Support/MiKTeX/texmfs/install/tex/contex
t/base/mkii/supp-pdf.mkii
[Loading MPS to PDF converter (version 2006.09.02).]
\scratchcounter=\count364
\scratchdimen=\dimen328
\scratchbox=\box126
\nofMPsegments=\count365
\nofMParguments=\count366
\everyMPshowfont=\toks59
\MPscratchCnt=\count367
\MPscratchDim=\dimen329
\MPnumerator=\count368
\makeMPintoPDFobject=\count369
\everyMPtoPDFconversion=\toks60
)
(/Users/diegovegav/Library/Application Support/MiKTeX/texmfs/install/tex/latex/
epstopdf-pkg/epstopdf-base.sty
Package: epstopdf-base 2020-01-24 v2.11 Base part for package epstopdf
Package epstopdf-base Info: Redefining graphics rule for `.eps' on input line 4
85.

(/Users/diegovegav/Library/Application Support/MiKTeX/texmfs/install/tex/latex/
00miktex/epstopdf-sys.cfg
File: epstopdf-sys.cfg 2021/03/18 v2.0 Configuration of epstopdf for MiKTeX
))
Couldn't patch \deferred@thm@head!
*geometry* driver: auto-detecting
*geometry* detected driver: pdftex
*geometry* verbose mode - [ preamble ] result:
* driver: pdftex
* paper: <default>
* layout: <same size as paper>
* layoutoffset:(h,v)=(0.0pt,0.0pt)
* modes: 
* h-part:(L,W,R)=(71.13188pt, 472.03123pt, 71.13188pt)
* v-part:(T,H,B)=(56.9055pt, 681.15898pt, 56.9055pt)
* \paperwidth=614.295pt
* \paperheight=794.96999pt
* \textwidth=472.03123pt
* \textheight=681.15898pt
* \oddsidemargin=-1.1381pt
* \evensidemargin=-1.1381pt
* \topmargin=-52.36449pt
* \headheight=12.0pt
* \headsep=25.0pt
* \topskip=10.0pt
* \footskip=30.0pt
* \marginparwidth=65.0pt
* \marginparsep=11.0pt
* \columnsep=10.0pt
* \skip\footins=9.0pt plus 4.0pt minus 2.0pt
* \hoffset=0.0pt
* \voffset=0.0pt
* \mag=1000
* \@twocolumnfalse
* \@twosidefalse
* \@mparswitchfalse
* \@reversemarginfalse
* (1in=72.27pt=25.4mm, 1cm=28.453pt)

LaTeX Font Info:    Trying to load font information for U+msa on input line 23.


(/Users/diegovegav/Library/Application Support/MiKTeX/texmfs/install/tex/latex/
amsfonts/umsa.fd
File: umsa.fd 2013/01/14 v3.01 AMS symbols A
)
LaTeX Font Info:    Trying to load font information for U+msb on input line 23.


(/Users/diegovegav/Library/Application Support/MiKTeX/texmfs/install/tex/latex/
amsfonts/umsb.fd
File: umsb.fd 2013/01/14 v3.01 AMS symbols B
)
LaTeX Font Info:    Trying to load font information for U+rsfs on input line 23
.

(/Users/diegovegav/Library/Application Support/MiKTeX/texmfs/install/tex/latex/
jknappen/ursfs.fd
File: ursfs.fd 1998/03/24 rsfs font definition file (jk)
)

[1

{/Users/diegovegav/Library/Application Support/MiKTeX/texmfs/data/fonts/map/pdf
tex/pdftex.map}] (documentacion_diegocon.toc)
\tf@toc=\write4
\openout4 = `documentacion_diegocon.toc'.



[2

] (/Library/Frameworks/R.framework/Resources/share/texmf/tex/latex/omscmtt.fd)

[3

]

[4]

[5]

[6]

[7]
(/Users/diegovegav/Library/Application Support/MiKTeX/texmfs/install/tex/latex/
doublestroke/Udsrom.fd)

[8]

[9]

[10] (documentacion_diegocon.aux)
 ***********
LaTeX2e <2024-11-01> patch level 2
L3 programming layer <2025-01-18>
 ***********
 ) 
Here is how much of TeX's memory you used:
 25716 strings out of 473530
 498264 string characters out of 5703698
 883742 words of memory out of 5000000
 48441 multiletter control sequences out of 15000+600000
 570695 words of font info for 87 fonts, out of 8000000 for 9000
 1141 hyphenation exceptions out of 8191
 99i,18n,101p,1213b,444s stack positions out of 10000i,1000n,20000p,200000b,200000s
</Users/diegovegav/Library/Application Support/MiKTeX/texmfs/install/fonts/ty
pe1/public/amsfonts/cm/cmbx10.pfb></Users/diegovegav/Library/Application Suppor
t/MiKTeX/texmfs/install/fonts/type1/public/amsfonts/cm/cmbx12.pfb></Users/diego
vegav/Library/Application Support/MiKTeX/texmfs/install/fonts/type1/public/amsf
onts/cm/cmbx7.pfb></Users/diegovegav/Library/Application Support/MiKTeX/texmfs/
install/fonts/type1/public/amsfonts/cm/cmex10.pfb></Users/diegovegav/Library/Ap
plication Support/MiKTeX/texmfs/install/fonts/type1/public/amsfonts/cm/cmmi10.p
fb></Users/diegovegav/Library/Application Support/MiKTeX/texmfs/install/fonts/t
ype1/public/amsfonts/cm/cmmi5.pfb></Users/diegovegav/Library/Application Suppor
t/MiKTeX/texmfs/install/fonts/type1/public/amsfonts/cm/cmmi7.pfb></Users/diegov
egav/Library/Application Support/MiKTeX/texmfs/install/fonts/type1/public/amsfo
nts/cm/cmr10.pfb></Users/diegovegav/Library/Application Support/MiKTeX/texmfs/i
nstall/fonts/type1/public/amsfonts/cm/cmr12.pfb></Users/diegovegav/Library/Appl
ication Support/MiKTeX/texmfs/install/fonts/type1/public/amsfonts/cm/cmr17.pfb>
</Users/diegovegav/Library/Application Support/MiKTeX/texmfs/install/fonts/type
1/public/amsfonts/cm/cmr7.pfb></Users/diegovegav/Library/Application Support/Mi
KTeX/texmfs/install/fonts/type1/public/amsfonts/cm/cmsy10.pfb></Users/diegovega
v/Library/Application Support/MiKTeX/texmfs/install/fonts/type1/public/amsfonts
/cm/cmsy7.pfb></Users/diegovegav/Library/Application Support/MiKTeX/texmfs/inst
all/fonts/type1/public/amsfonts/cm/cmti10.pfb></Users/diegovegav/Library/Applic
ation Support/MiKTeX/texmfs/install/fonts/type1/public/amsfonts/cm/cmtt10.pfb><
/Users/diegovegav/Library/Application Support/MiKTeX/texmfs/install/fonts/type1
/public/amsfonts/cm/cmtt12.pfb></Users/diegovegav/Library/Application Support/M
iKTeX/texmfs/install/fonts/type1/public/doublestroke/dsrom10.pfb></Users/diegov
egav/Library/Application Support/MiKTeX/texmfs/install/fonts/type1/public/amsfo
nts/symbols/msbm10.pfb>
Output written on documentacion_diegocon.pdf (10 pages, 238201 bytes).
PDF statistics:
 212 PDF objects out of 1000 (max. 8388607)
 24 named destinations out of 1000 (max. 500000)
 117 words of extra memory for PDF output out of 10000 (max. 10000000)

